<?xml version="1.0" encoding="UTF-8"?>
<!-- Generated by org.testng.reporters.JUnitReportReporter -->
<testsuite hostname="LTIN185426" failures="0" tests="1" name="testCases.TC_0001_VerifyUserDetail" time="0.947" errors="0" timestamp="2024-02-06T13:11:02 IST" skipped="0">
  <testcase classname="testCases.TC_0001_VerifyUserDetail" name="verify_User_Details" time="0.947"/>
</testsuite> <!-- testCases.TC_0001_VerifyUserDetail -->
